TN:
SF:src/domain/@shared/event/event-dispatcher.ts
FN:8,get getEventHandlers
FN:12,notify
FN:21,register
FN:27,unregister
FN:35,unregisterAll
FNF:5
FNH:5
FNDA:11,get getEventHandlers
FNDA:1,notify
FNDA:4,register
FNDA:1,unregister
FNDA:1,unregisterAll
DA:1,1
DA:2,1
DA:3,1
DA:4,1
DA:5,1
DA:6,1
DA:7,1
DA:8,1
DA:9,11
DA:10,11
DA:11,1
DA:12,1
DA:13,1
DA:14,1
DA:15,1
DA:16,1
DA:17,1
DA:18,1
DA:19,1
DA:20,1
DA:21,1
DA:22,4
DA:23,4
DA:24,4
DA:25,4
DA:26,4
DA:27,1
DA:28,1
DA:29,1
DA:30,1
DA:31,1
DA:32,1
DA:33,1
DA:34,1
DA:35,1
DA:36,1
DA:37,1
DA:38,1
DA:39,1
DA:40,1
LF:40
LH:40
BRDA:8,0,0,11
BRDA:12,1,0,1
BRDA:15,2,0,1
BRDA:21,3,0,4
BRDA:27,4,0,1
BRDA:35,5,0,1
BRF:6
BRH:6
end_of_record
TN:
SF:src/domain/checkout/entity/order.ts
FN:17,get id
FN:21,get items
FN:25,validate
FN:40,total
FN:9,Order
FNF:5
FNH:5
FNDA:3,get id
FNDA:1,get items
FNDA:1,validate
FNDA:3,total
FNDA:1,Order
DA:1,1
DA:2,1
DA:3,1
DA:4,1
DA:5,1
DA:6,1
DA:7,1
DA:8,1
DA:9,1
DA:10,1
DA:11,1
DA:12,1
DA:13,1
DA:14,1
DA:15,1
DA:16,1
DA:17,1
DA:18,3
DA:19,3
DA:20,1
DA:21,1
DA:22,1
DA:23,1
DA:24,1
DA:25,1
DA:26,1
DA:27,0
DA:28,0
DA:29,1
DA:30,0
DA:31,0
DA:32,1
DA:33,0
DA:34,0
DA:35,1
DA:36,0
DA:37,0
DA:38,1
DA:39,1
DA:40,1
DA:41,3
DA:42,3
DA:43,1
LF:43
LH:35
BRDA:17,0,0,3
BRDA:21,1,0,1
BRDA:25,2,0,1
BRDA:26,3,0,0
BRDA:29,4,0,0
BRDA:32,5,0,0
BRDA:35,6,0,0
BRDA:35,7,0,1
BRDA:40,8,0,3
BRDA:41,9,0,3
BRDA:9,10,0,1
BRF:11
BRH:7
end_of_record
TN:
SF:src/domain/checkout/entity/order_item.ts
FN:16,get id
FN:20,get productId
FN:24,get name
FN:28,get price
FN:32,get quantity
FN:8,OrderItem
FNF:6
FNH:6
FNDA:2,get id
FNDA:2,get productId
FNDA:2,get name
FNDA:5,get price
FNDA:3,get quantity
FNDA:1,OrderItem
DA:1,1
DA:2,1
DA:3,1
DA:4,1
DA:5,1
DA:6,1
DA:7,1
DA:8,1
DA:9,1
DA:10,1
DA:11,1
DA:12,1
DA:13,1
DA:14,1
DA:15,1
DA:16,1
DA:17,2
DA:18,2
DA:19,1
DA:20,1
DA:21,2
DA:22,2
DA:23,1
DA:24,1
DA:25,2
DA:26,2
DA:27,1
DA:28,1
DA:29,5
DA:30,5
DA:31,1
DA:32,1
DA:33,3
DA:34,3
DA:35,1
LF:35
LH:35
BRDA:16,0,0,2
BRDA:20,1,0,2
BRDA:24,2,0,2
BRDA:28,3,0,5
BRDA:32,4,0,3
BRDA:8,5,0,1
BRF:6
BRH:6
end_of_record
TN:
SF:src/domain/checkout/repository/order.repository.ts
FN:8,update
FN:11,find
FN:14,findAll
FN:17,create
FNF:4
FNH:1
FNDA:0,update
FNDA:0,find
FNDA:0,findAll
FNDA:1,create
DA:1,1
DA:2,1
DA:3,1
DA:4,1
DA:5,1
DA:6,1
DA:7,1
DA:8,1
DA:9,0
DA:10,0
DA:11,1
DA:12,0
DA:13,0
DA:14,1
DA:15,0
DA:16,0
DA:17,1
DA:18,1
DA:19,1
DA:20,1
DA:21,1
DA:22,1
DA:23,1
DA:24,1
DA:25,1
DA:26,1
DA:27,1
DA:28,1
DA:29,1
DA:30,1
DA:31,1
DA:32,1
DA:33,1
DA:34,1
LF:34
LH:28
BRDA:17,0,0,1
BRDA:22,1,0,1
BRF:2
BRH:2
end_of_record
TN:
SF:src/domain/checkout/service/order.service.ts
FN:8,total
FN:12,placeOrder
FNF:2
FNH:2
FNDA:1,total
FNDA:1,placeOrder
DA:1,1
DA:2,1
DA:3,1
DA:4,1
DA:5,1
DA:6,1
DA:7,1
DA:8,1
DA:9,1
DA:10,1
DA:11,1
DA:12,1
DA:13,1
DA:14,0
DA:15,0
DA:16,1
DA:17,1
DA:18,1
DA:19,1
DA:20,1
DA:21,1
DA:22,1
DA:23,1
DA:24,1
LF:24
LH:22
BRDA:8,0,0,1
BRDA:9,1,0,2
BRDA:12,2,0,1
BRDA:13,3,0,0
BRF:4
BRH:3
end_of_record
TN:
SF:src/domain/customer/entity/customer.ts
FN:17,get id
FN:21,get name
FN:25,get rewardPoints
FN:29,get address
FN:33,changeName
FN:37,changeAddress
FN:41,validate
FN:50,isActive
FN:54,activate
FN:62,deactivate
FN:66,addRewardPoints
FN:11,Customer
FNF:12
FNH:12
FNDA:6,get id
FNDA:6,get name
FNDA:6,get rewardPoints
FNDA:24,get address
FNDA:1,changeName
FNDA:8,changeAddress
FNDA:8,validate
FNDA:6,isActive
FNDA:2,activate
FNDA:1,deactivate
FNDA:4,addRewardPoints
FNDA:8,Customer
DA:1,1
DA:2,1
DA:3,1
DA:4,1
DA:5,1
DA:6,1
DA:7,1
DA:8,1
DA:9,1
DA:10,1
DA:11,1
DA:12,8
DA:13,8
DA:14,8
DA:15,8
DA:16,1
DA:17,1
DA:18,6
DA:19,6
DA:20,1
DA:21,1
DA:22,6
DA:23,6
DA:24,1
DA:25,1
DA:26,6
DA:27,6
DA:28,1
DA:29,1
DA:30,24
DA:31,24
DA:32,1
DA:33,1
DA:34,1
DA:35,1
DA:36,1
DA:37,1
DA:38,8
DA:39,8
DA:40,1
DA:41,1
DA:42,8
DA:43,0
DA:44,0
DA:45,8
DA:46,0
DA:47,0
DA:48,8
DA:49,1
DA:50,1
DA:51,6
DA:52,6
DA:53,1
DA:54,1
DA:55,2
DA:56,0
DA:57,0
DA:58,0
DA:59,2
DA:60,2
DA:61,1
DA:62,1
DA:63,1
DA:64,1
DA:65,1
DA:66,1
DA:67,4
DA:68,4
DA:69,1
LF:69
LH:62
BRDA:17,0,0,6
BRDA:21,1,0,6
BRDA:25,2,0,6
BRDA:29,3,0,24
BRDA:33,4,0,1
BRDA:37,5,0,8
BRDA:41,6,0,8
BRDA:42,7,0,0
BRDA:45,8,0,0
BRDA:50,9,0,6
BRDA:54,10,0,2
BRDA:55,11,0,0
BRDA:62,12,0,1
BRDA:66,13,0,4
BRDA:11,14,0,8
BRF:15
BRH:12
end_of_record
TN:
SF:src/domain/customer/repository/customer.repository.ts
FN:7,create
FN:20,update
FN:36,find
FN:63,findAll
FNF:4
FNH:4
FNDA:5,create
FNDA:1,update
FNDA:2,find
FNDA:1,findAll
DA:1,1
DA:2,1
DA:3,1
DA:4,1
DA:5,1
DA:6,1
DA:7,1
DA:8,5
DA:9,5
DA:10,5
DA:11,5
DA:12,5
DA:13,5
DA:14,5
DA:15,5
DA:16,5
DA:17,5
DA:18,5
DA:19,1
DA:20,1
DA:21,1
DA:22,1
DA:23,1
DA:24,1
DA:25,1
DA:26,1
DA:27,1
DA:28,1
DA:29,1
DA:30,1
DA:31,1
DA:32,1
DA:33,1
DA:34,1
DA:35,1
DA:36,1
DA:37,2
DA:38,2
DA:39,2
DA:40,2
DA:41,2
DA:42,2
DA:43,2
DA:44,2
DA:45,2
DA:46,1
DA:47,1
DA:48,1
DA:49,1
DA:50,1
DA:51,1
DA:52,1
DA:53,1
DA:54,1
DA:55,1
DA:56,1
DA:57,1
DA:58,1
DA:59,1
DA:60,1
DA:61,1
DA:62,1
DA:63,1
DA:64,1
DA:65,1
DA:66,1
DA:67,2
DA:68,2
DA:69,2
DA:70,2
DA:71,2
DA:72,2
DA:73,2
DA:74,2
DA:75,2
DA:76,2
DA:77,2
DA:78,1
DA:79,1
DA:80,2
DA:81,2
DA:82,2
DA:83,1
DA:84,1
DA:85,1
DA:86,1
LF:86
LH:86
BRDA:7,0,0,5
BRDA:20,1,0,1
BRDA:36,2,0,2
BRDA:45,3,0,1
BRDA:63,4,0,1
BRDA:66,5,0,2
BRDA:77,6,0,1
BRF:7
BRH:7
end_of_record
TN:
SF:src/domain/customer/value-object/address.ts
FN:15,get streetName
FN:19,get number
FN:23,get zip
FN:27,get city
FN:31,get street
FN:37,validate
FN:52,toString
FN:7,Address
FNF:8
FNH:6
FNDA:0,get streetName
FNDA:6,get number
FNDA:6,get zip
FNDA:6,get city
FNDA:6,get street
FNDA:8,validate
FNDA:0,toString
FNDA:8,Address
DA:1,1
DA:2,1
DA:3,1
DA:4,1
DA:5,1
DA:6,1
DA:7,1
DA:8,8
DA:9,8
DA:10,8
DA:11,8
DA:12,8
DA:13,8
DA:14,1
DA:15,1
DA:16,0
DA:17,0
DA:18,1
DA:19,1
DA:20,6
DA:21,6
DA:22,1
DA:23,1
DA:24,6
DA:25,6
DA:26,1
DA:27,1
DA:28,6
DA:29,6
DA:30,1
DA:31,1
DA:32,6
DA:33,6
DA:34,1
DA:35,1
DA:36,1
DA:37,1
DA:38,8
DA:39,0
DA:40,0
DA:41,8
DA:42,0
DA:43,0
DA:44,8
DA:45,0
DA:46,0
DA:47,8
DA:48,0
DA:49,0
DA:50,8
DA:51,1
DA:52,1
DA:53,0
DA:54,0
DA:55,1
LF:55
LH:43
BRDA:19,0,0,6
BRDA:23,1,0,6
BRDA:27,2,0,6
BRDA:31,3,0,6
BRDA:37,4,0,8
BRDA:38,5,0,0
BRDA:41,6,0,0
BRDA:44,7,0,0
BRDA:47,8,0,0
BRDA:7,9,0,8
BRF:10
BRH:6
end_of_record
TN:
SF:src/domain/product/entity/product.ts
FN:14,get id
FN:18,get name
FN:22,get price
FN:26,changePrice
FN:31,changeName
FN:36,validate
FN:7,Product
FNF:7
FNH:7
FNDA:6,get id
FNDA:6,get name
FNDA:6,get price
FNDA:1,changePrice
FNDA:1,changeName
FNDA:10,validate
FNDA:8,Product
DA:1,1
DA:2,1
DA:3,1
DA:4,1
DA:5,1
DA:6,1
DA:7,1
DA:8,8
DA:9,8
DA:10,8
DA:11,8
DA:12,8
DA:13,1
DA:14,1
DA:15,6
DA:16,6
DA:17,1
DA:18,1
DA:19,6
DA:20,6
DA:21,1
DA:22,1
DA:23,6
DA:24,6
DA:25,1
DA:26,1
DA:27,1
DA:28,1
DA:29,1
DA:30,1
DA:31,1
DA:32,1
DA:33,1
DA:34,1
DA:35,1
DA:36,1
DA:37,10
DA:38,0
DA:39,0
DA:40,10
DA:41,0
DA:42,0
DA:43,10
DA:44,0
DA:45,0
DA:46,10
DA:47,1
LF:47
LH:41
BRDA:14,0,0,6
BRDA:18,1,0,6
BRDA:22,2,0,6
BRDA:26,3,0,1
BRDA:31,4,0,1
BRDA:36,5,0,10
BRDA:37,6,0,0
BRDA:40,7,0,0
BRDA:43,8,0,0
BRDA:7,9,0,8
BRF:10
BRH:7
end_of_record
TN:
SF:src/domain/product/event/product-created.event.ts
FN:9,ProductCreatedEvent
FNF:1
FNH:1
FNDA:1,ProductCreatedEvent
DA:1,1
DA:2,1
DA:3,1
DA:4,1
DA:5,1
DA:6,1
DA:7,1
DA:8,1
DA:9,1
DA:10,1
DA:11,1
DA:12,1
DA:13,1
LF:13
LH:13
BRDA:9,0,0,1
BRF:1
BRH:1
end_of_record
TN:
SF:src/domain/product/event/handler/send-email-when-product-is-created.handler.ts
FN:6,handle
FNF:1
FNH:1
FNDA:1,handle
DA:1,1
DA:2,1
DA:3,1
DA:4,1
DA:5,1
DA:6,1
DA:7,1
DA:8,1
DA:9,1
DA:10,1
LF:10
LH:10
BRDA:6,0,0,1
BRF:1
BRH:1
end_of_record
TN:
SF:src/domain/product/repository/product.repository.ts
FN:7,create
FN:15,find
FN:25,findAll
FN:32,update
FNF:4
FNH:4
FNDA:5,create
FNDA:1,find
FNDA:1,findAll
FNDA:1,update
DA:1,1
DA:2,1
DA:3,1
DA:4,1
DA:5,1
DA:6,1
DA:7,1
DA:8,5
DA:9,5
DA:10,5
DA:11,5
DA:12,5
DA:13,5
DA:14,1
DA:15,1
DA:16,1
DA:17,1
DA:18,1
DA:19,1
DA:20,1
DA:21,1
DA:22,1
DA:23,1
DA:24,1
DA:25,1
DA:26,1
DA:27,1
DA:28,1
DA:29,1
DA:30,1
DA:31,1
DA:32,1
DA:33,1
DA:34,1
DA:35,1
DA:36,1
DA:37,1
DA:38,1
DA:39,1
DA:40,1
DA:41,1
DA:42,1
LF:42
LH:42
BRDA:7,0,0,5
BRDA:15,1,0,1
BRDA:25,2,0,1
BRDA:28,3,0,2
BRDA:32,4,0,1
BRF:5
BRH:5
end_of_record
TN:
SF:src/domain/product/service/product.service.ts
FN:4,increasePrice
FNF:1
FNH:1
FNDA:1,increasePrice
DA:1,1
DA:2,1
DA:3,1
DA:4,1
DA:5,1
DA:6,2
DA:7,2
DA:8,1
DA:9,1
DA:10,1
LF:10
LH:10
BRDA:4,0,0,1
BRDA:5,1,0,2
BRF:2
BRH:2
end_of_record
TN:
SF:src/infra/db/sequelize/model/customer.model.ts
FNF:0
FNH:0
DA:1,1
DA:2,1
DA:3,1
DA:4,1
DA:5,1
DA:6,1
DA:7,1
DA:8,1
DA:9,1
DA:10,1
DA:11,1
DA:12,1
DA:13,1
DA:14,1
DA:15,1
DA:16,1
DA:17,1
DA:18,1
DA:19,1
DA:20,1
DA:21,1
DA:22,1
DA:23,1
DA:24,1
DA:25,1
DA:26,1
DA:27,1
DA:28,1
DA:29,1
DA:30,1
DA:31,1
DA:32,1
DA:33,1
LF:33
LH:33
BRF:0
BRH:0
end_of_record
TN:
SF:src/infra/db/sequelize/model/order-item.model.ts
FNF:0
FNH:0
DA:1,1
DA:2,1
DA:3,1
DA:4,1
DA:5,1
DA:6,1
DA:7,1
DA:8,1
DA:9,1
DA:10,1
DA:11,1
DA:12,1
DA:13,1
DA:14,1
DA:15,1
DA:16,1
DA:17,1
DA:18,1
DA:19,1
DA:20,1
DA:21,1
DA:22,1
DA:23,1
DA:24,1
DA:25,1
DA:26,1
DA:27,1
DA:28,1
DA:29,1
DA:30,1
DA:31,1
DA:32,1
DA:33,1
DA:34,1
DA:35,1
DA:36,1
DA:37,1
LF:37
LH:37
BRDA:15,0,0,5
BRDA:19,1,0,2
BRDA:22,2,0,2
BRDA:26,3,0,2
BRF:4
BRH:4
end_of_record
TN:
SF:src/infra/db/sequelize/model/order.model.ts
FNF:0
FNH:0
DA:1,1
DA:2,1
DA:3,1
DA:4,1
DA:5,1
DA:6,1
DA:7,1
DA:8,1
DA:9,1
DA:10,1
DA:11,1
DA:12,1
DA:13,1
DA:14,1
DA:15,1
DA:16,1
DA:17,1
DA:18,1
DA:19,1
DA:20,1
DA:21,1
DA:22,1
DA:23,1
DA:24,1
DA:25,1
DA:26,1
DA:27,1
DA:28,1
DA:29,1
LF:29
LH:29
BRDA:15,0,0,1
BRDA:19,1,0,3
BRDA:22,2,0,3
BRF:3
BRH:3
end_of_record
TN:
SF:src/infra/db/sequelize/model/product.model.ts
FNF:0
FNH:0
DA:1,1
DA:2,1
DA:3,1
DA:4,1
DA:5,1
DA:6,1
DA:7,1
DA:8,1
DA:9,1
DA:10,1
DA:11,1
DA:12,1
DA:13,1
DA:14,1
DA:15,1
DA:16,1
DA:17,1
DA:18,1
DA:19,1
DA:20,1
DA:21,1
DA:22,1
DA:23,1
LF:23
LH:23
BRF:0
BRH:0
end_of_record
